<?xml version="1.0" encoding="UTF-8"?>
<!-- Generated by org.testng.reporters.JUnitReportReporter -->
<testsuite hostname="DESKTOP-LSM8SKP" failures="0" tests="1" name="TestCases.WebUITests.login.LoginTests" time="3.227" errors="0" timestamp="2024-02-27T14:59:20 IST" skipped="0">
  <testcase classname="TestCases.WebUITests.login.LoginTests" name="verify_facebook_opening" time="3.227"/>
  <system-out>
    <![CDATA[Enter text jacob at locator password_password]]>
  </system-out>
</testsuite> <!-- TestCases.WebUITests.login.LoginTests -->
